Using pre-set license
Built from '2021.3/staging' branch; Version is '2021.3.20f1 (577897200b8b) revision 5732503'; Using compiler version '192829333'; Build Type 'Release'
OS: 'Windows 10  (10.0.19045) 64bit Professional' Language: 'pt' Physical Memory: 18133 MB
BatchMode: 1, IsHumanControllingUs: 0, StartBugReporterOnCrash: 0, Is64bit: 1, IsPro: 1

COMMAND LINE ARGUMENTS:
C:\Program Files\Unity\Hub\Editor\2021.3.20f1\Editor\Unity.exe
-adb2
-batchMode
-noUpm
-name
AssetImportWorker6
-projectPath
C:/Program Files/Git LFS/Shooter/SpaceAdv/Space_Shooter
-logFile
Logs/AssetImportWorker6.log
-srvPort
60469
Successfully changed project path to: C:/Program Files/Git LFS/Shooter/SpaceAdv/Space_Shooter
C:/Program Files/Git LFS/Shooter/SpaceAdv/Space_Shooter
[UnityMemory] Configuration Parameters - Can be set up in boot.config
    "memorysetup-bucket-allocator-granularity=16"
    "memorysetup-bucket-allocator-bucket-count=8"
    "memorysetup-bucket-allocator-block-size=33554432"
    "memorysetup-bucket-allocator-block-count=8"
    "memorysetup-main-allocator-block-size=16777216"
    "memorysetup-thread-allocator-block-size=16777216"
    "memorysetup-gfx-main-allocator-block-size=16777216"
    "memorysetup-gfx-thread-allocator-block-size=16777216"
    "memorysetup-cache-allocator-block-size=4194304"
    "memorysetup-typetree-allocator-block-size=2097152"
    "memorysetup-profiler-bucket-allocator-granularity=16"
    "memorysetup-profiler-bucket-allocator-bucket-count=8"
    "memorysetup-profiler-bucket-allocator-block-size=33554432"
    "memorysetup-profiler-bucket-allocator-block-count=8"
    "memorysetup-profiler-allocator-block-size=16777216"
    "memorysetup-profiler-editor-allocator-block-size=1048576"
    "memorysetup-temp-allocator-size-main=16777216"
    "memorysetup-job-temp-allocator-block-size=2097152"
    "memorysetup-job-temp-allocator-block-size-background=1048576"
    "memorysetup-job-temp-allocator-reduction-small-platforms=262144"
    "memorysetup-temp-allocator-size-background-worker=32768"
    "memorysetup-temp-allocator-size-job-worker=262144"
    "memorysetup-temp-allocator-size-preload-manager=33554432"
    "memorysetup-temp-allocator-size-nav-mesh-worker=65536"
    "memorysetup-temp-allocator-size-audio-worker=65536"
    "memorysetup-temp-allocator-size-cloud-worker=32768"
    "memorysetup-temp-allocator-size-gi-baking-worker=262144"
    "memorysetup-temp-allocator-size-gfx=262144"
Player connection [14628] Host "[IP] 192.168.0.11 [Port] 0 [Flags] 2 [Guid] 667468627 [EditorId] 667468627 [Version] 1048832 [Id] WindowsEditor(7,Arthur) [Debug] 1 [PackageName] WindowsEditor [ProjectName] Editor" joined multi-casting on [225.0.0.222:54997]...

Player connection [14628] Host "[IP] 192.168.0.11 [Port] 0 [Flags] 2 [Guid] 667468627 [EditorId] 667468627 [Version] 1048832 [Id] WindowsEditor(7,Arthur) [Debug] 1 [PackageName] WindowsEditor [ProjectName] Editor" joined alternative multi-casting on [225.0.0.222:34997]...

Refreshing native plugins compatible for Editor in 340.80 ms, found 4 plugins.
Preloading 0 native plugins for Editor in 0.00 ms.
Initialize engine version: 2021.3.20f1 (577897200b8b)
[Subsystems] Discovering subsystems at path C:/Program Files/Unity/Hub/Editor/2021.3.20f1/Editor/Data/Resources/UnitySubsystems
[Subsystems] Discovering subsystems at path C:/Program Files/Git LFS/Shooter/SpaceAdv/Space_Shooter/Assets
GfxDevice: creating device client; threaded=0; jobified=0
Direct3D:
    Version:  Direct3D 11.0 [level 11.1]
    Renderer: AMD Radeon(TM) Vega 8 Graphics (ID=0x15d8)
    Vendor:   ATI
    VRAM:     9066 MB
    Driver:   26.20.14046.3
Initialize mono
Mono path[0] = 'C:/Program Files/Unity/Hub/Editor/2021.3.20f1/Editor/Data/Managed'
Mono path[1] = 'C:/Program Files/Unity/Hub/Editor/2021.3.20f1/Editor/Data/MonoBleedingEdge/lib/mono/unityjit-win32'
Mono config path = 'C:/Program Files/Unity/Hub/Editor/2021.3.20f1/Editor/Data/MonoBleedingEdge/etc'
Using monoOptions --debugger-agent=transport=dt_socket,embedding=1,server=y,suspend=n,address=127.0.0.1:56380
Begin MonoManager ReloadAssembly
Registering precompiled unity dll's ...
Register platform support module: C:/Program Files/Unity/Hub/Editor/2021.3.20f1/Editor/Data/PlaybackEngines/AndroidPlayer/UnityEditor.Android.Extensions.dll
Register platform support module: C:/Program Files/Unity/Hub/Editor/2021.3.20f1/Editor/Data/PlaybackEngines/iOSSupport/UnityEditor.iOS.Extensions.dll
Register platform support module: C:/Program Files/Unity/Hub/Editor/2021.3.20f1/Editor/Data/PlaybackEngines/WindowsStandaloneSupport/UnityEditor.WindowsStandalone.Extensions.dll
Registered in 0.022652 seconds.
Native extension for WindowsStandalone target not found
[usbmuxd] Start listen thread
[usbmuxd] Listen thread started
Native extension for iOS target not found
Native extension for Android target not found
Android Extension - Scanning For ADB Devices 600 ms
Refreshing native plugins compatible for Editor in 166.17 ms, found 4 plugins.
Preloading 0 native plugins for Editor in 0.00 ms.
Mono: successfully reloaded assembly
- Completed reload, in  2.139 seconds
Domain Reload Profiling:
	ReloadAssembly (2140ms)
		BeginReloadAssembly (178ms)
			ExecutionOrderSort (0ms)
			DisableScriptedObjects (0ms)
			BackupInstance (0ms)
			ReleaseScriptingObjects (0ms)
			CreateAndSetChildDomain (1ms)
		EndReloadAssembly (1732ms)
			LoadAssemblies (176ms)
			RebuildTransferFunctionScriptingTraits (0ms)
			SetupTypeCache (285ms)
			ReleaseScriptCaches (0ms)
			RebuildScriptCaches (69ms)
			SetupLoadedEditorAssemblies (1257ms)
				LogAssemblyErrors (0ms)
				InitializePlatformSupportModulesInManaged (784ms)
				SetLoadedEditorAssemblies (1ms)
				RefreshPlugins (166ms)
				BeforeProcessingInitializeOnLoad (2ms)
				ProcessInitializeOnLoadAttributes (196ms)
				ProcessInitializeOnLoadMethodAttributes (107ms)
				AfterProcessingInitializeOnLoad (0ms)
				EditorAssembliesLoaded (0ms)
			ExecutionOrderSort2 (0ms)
			AwakeInstancesAfterBackupRestoration (0ms)
Platform modules already initialized, skipping
Registering precompiled user dll's ...
Registered in 0.016137 seconds.
Begin MonoManager ReloadAssembly
Symbol file LoadedFromMemory doesn't match image C:\Program Files\Git LFS\Shooter\SpaceAdv\Space_Shooter\Library\PackageCache\com.unity.visualscripting@1.8.0\Editor\VisualScripting.Core\Dependencies\YamlDotNet\Unity.VisualScripting.YamlDotNet.dll
Symbol file LoadedFromMemory doesn't match image C:\Program Files\Git LFS\Shooter\SpaceAdv\Space_Shooter\Library\PackageCache\com.unity.visualscripting@1.8.0\Editor\VisualScripting.Core\Dependencies\DotNetZip\Unity.VisualScripting.IonicZip.dll
Native extension for WindowsStandalone target not found
Native extension for iOS target not found
Native extension for Android target not found
Refreshing native plugins compatible for Editor in 166.72 ms, found 4 plugins.
Preloading 0 native plugins for Editor in 0.00 ms.
Mono: successfully reloaded assembly
- Completed reload, in  2.528 seconds
Domain Reload Profiling:
	ReloadAssembly (2530ms)
		BeginReloadAssembly (249ms)
			ExecutionOrderSort (0ms)
			DisableScriptedObjects (17ms)
			BackupInstance (0ms)
			ReleaseScriptingObjects (0ms)
			CreateAndSetChildDomain (42ms)
		EndReloadAssembly (2056ms)
			LoadAssemblies (222ms)
			RebuildTransferFunctionScriptingTraits (0ms)
			SetupTypeCache (567ms)
			ReleaseScriptCaches (1ms)
			RebuildScriptCaches (137ms)
			SetupLoadedEditorAssemblies (1018ms)
				LogAssemblyErrors (0ms)
				InitializePlatformSupportModulesInManaged (72ms)
				SetLoadedEditorAssemblies (0ms)
				RefreshPlugins (167ms)
				BeforeProcessingInitializeOnLoad (191ms)
				ProcessInitializeOnLoadAttributes (468ms)
				ProcessInitializeOnLoadMethodAttributes (98ms)
				AfterProcessingInitializeOnLoad (21ms)
				EditorAssembliesLoaded (0ms)
			ExecutionOrderSort2 (0ms)
			AwakeInstancesAfterBackupRestoration (13ms)
Platform modules already initialized, skipping
========================================================================
Worker process is ready to serve import requests
Launched and connected shader compiler UnityShaderCompiler.exe after 0.16 seconds
Refreshing native plugins compatible for Editor in 1.30 ms, found 4 plugins.
Preloading 0 native plugins for Editor in 0.00 ms.
Unloading 3938 Unused Serialized files (Serialized files now loaded: 0)
Unloading 55 unused Assets / (1.5 MB). Loaded Objects now: 4383.
Memory consumption went from 158.5 MB to 157.0 MB.
Total: 7.541400 ms (FindLiveObjects: 0.571600 ms CreateObjectMapping: 0.487900 ms MarkObjects: 5.535500 ms  DeleteObjects: 0.944500 ms)

AssetImportParameters requested are different than current active one (requested -> active):
  custom:video-decoder-ogg-theora: a1e56fd34408186e4bbccfd4996cb3dc -> 
  custom:container-muxer-webm: aa71ff27fc2769a1b78a27578f13a17b -> 
  custom:container-demuxer-webm: 4f35f7cbe854078d1ac9338744f61a02 -> 
  custom:video-encoder-webm-vp8: eb34c28f22e8b96e1ab97ce403110664 -> 
  custom:audio-encoder-webm-vorbis: bf7c407c2cedff20999df2af8eb42d56 -> 
  custom:framework-win-MediaFoundation: 216162199b28c13a410421893ffa2e32 -> 
  custom:container-demuxer-ogg: 62fdf1f143b41e24485cea50d1cbac27 -> 
  custom:video-decoder-webm-vp8: 9c59270c3fd7afecdb556c50c9e8de78 -> 
  custom:audio-decoder-ogg-vorbis: bf7c407c2cedff20999df2af8eb42d56 -> 
========================================================================
Received Import Request.
  Time since last request: 1080082.421936 seconds.
  path: Assets/PostProcessing/Effects.asset
  artifactKey: Guid(5a19edcee3f02d74b8ccf93f98ed0f22) Importer(815301076,1909f56bfc062723c751e8b465ee728b)
Start importing Assets/PostProcessing/Effects.asset using Guid(5a19edcee3f02d74b8ccf93f98ed0f22) Importer(815301076,1909f56bfc062723c751e8b465ee728b)  -> (artifact id: 'a392d71557d9dd065eb21b714f7d807b') in 0.072526 seconds 
========================================================================
Received Import Request.
  Time since last request: 37.371272 seconds.
  path: Assets/Scenes/Game.unity
  artifactKey: Guid(2cda990e2423bbf4892e6590ba056729) Importer(815301076,1909f56bfc062723c751e8b465ee728b)
Start importing Assets/Scenes/Game.unity using Guid(2cda990e2423bbf4892e6590ba056729) Importer(815301076,1909f56bfc062723c751e8b465ee728b)  -> (artifact id: '2c06ac602ee80065009256895de030b7') in 0.005273 seconds 
========================================================================
Received Import Request.
  Time since last request: 55.880458 seconds.
  path: Assets/Scenes/Menu.unity
  artifactKey: Guid(dda00e5e1605c0d41bece1263cfc6f7b) Importer(815301076,1909f56bfc062723c751e8b465ee728b)
Start importing Assets/Scenes/Menu.unity using Guid(dda00e5e1605c0d41bece1263cfc6f7b) Importer(815301076,1909f56bfc062723c751e8b465ee728b)  -> (artifact id: '22f478a044fd412f4e77f1e1a2927271') in 0.004631 seconds 
========================================================================
Received Import Request.
  Time since last request: 87.820663 seconds.
  path: Assets/Scenes/Menu.unity
  artifactKey: Guid(dda00e5e1605c0d41bece1263cfc6f7b) Importer(815301076,1909f56bfc062723c751e8b465ee728b)
Start importing Assets/Scenes/Menu.unity using Guid(dda00e5e1605c0d41bece1263cfc6f7b) Importer(815301076,1909f56bfc062723c751e8b465ee728b)  -> (artifact id: 'f63d1d475abaf39792974c1b1d5aa5af') in 0.003785 seconds 
========================================================================
Received Import Request.
  Time since last request: 47.406049 seconds.
  path: Assets/PostProcessing
  artifactKey: Guid(9620517ab0114e048bb9cdeecf556e9f) Importer(815301076,1909f56bfc062723c751e8b465ee728b)
Start importing Assets/PostProcessing using Guid(9620517ab0114e048bb9cdeecf556e9f) Importer(815301076,1909f56bfc062723c751e8b465ee728b)  -> (artifact id: '4be61b37efe86b20385bf99d35711f16') in 0.004574 seconds 
========================================================================
Received Prepare
Registering precompiled user dll's ...
Registered in 0.013317 seconds.
Begin MonoManager ReloadAssembly
Symbol file LoadedFromMemory doesn't match image C:\Program Files\Git LFS\Shooter\SpaceAdv\Space_Shooter\Library\PackageCache\com.unity.visualscripting@1.8.0\Editor\VisualScripting.Core\Dependencies\YamlDotNet\Unity.VisualScripting.YamlDotNet.dll
Symbol file LoadedFromMemory doesn't match image C:\Program Files\Git LFS\Shooter\SpaceAdv\Space_Shooter\Library\PackageCache\com.unity.visualscripting@1.8.0\Editor\VisualScripting.Core\Dependencies\DotNetZip\Unity.VisualScripting.IonicZip.dll
Native extension for WindowsStandalone target not found
Native extension for iOS target not found
Native extension for Android target not found
Refreshing native plugins compatible for Editor in 2.01 ms, found 4 plugins.
Preloading 0 native plugins for Editor in 0.00 ms.
Mono: successfully reloaded assembly
- Completed reload, in  2.865 seconds
Domain Reload Profiling:
	ReloadAssembly (2867ms)
		BeginReloadAssembly (317ms)
			ExecutionOrderSort (0ms)
			DisableScriptedObjects (14ms)
			BackupInstance (0ms)
			ReleaseScriptingObjects (0ms)
			CreateAndSetChildDomain (72ms)
		EndReloadAssembly (2285ms)
			LoadAssemblies (257ms)
			RebuildTransferFunctionScriptingTraits (0ms)
			SetupTypeCache (784ms)
			ReleaseScriptCaches (3ms)
			RebuildScriptCaches (125ms)
			SetupLoadedEditorAssemblies (991ms)
				LogAssemblyErrors (0ms)
				InitializePlatformSupportModulesInManaged (83ms)
				SetLoadedEditorAssemblies (1ms)
				RefreshPlugins (2ms)
				BeforeProcessingInitializeOnLoad (208ms)
				ProcessInitializeOnLoadAttributes (561ms)
				ProcessInitializeOnLoadMethodAttributes (109ms)
				AfterProcessingInitializeOnLoad (27ms)
				EditorAssembliesLoaded (1ms)
			ExecutionOrderSort2 (0ms)
			AwakeInstancesAfterBackupRestoration (24ms)
Platform modules already initialized, skipping
Refreshing native plugins compatible for Editor in 6.79 ms, found 4 plugins.
Preloading 0 native plugins for Editor in 0.00 ms.
Unloading 3893 Unused Serialized files (Serialized files now loaded: 0)
Unloading 42 unused Assets / (1.4 MB). Loaded Objects now: 4387.
Memory consumption went from 154.3 MB to 152.9 MB.
Total: 9.133400 ms (FindLiveObjects: 1.032900 ms CreateObjectMapping: 0.642800 ms MarkObjects: 6.401500 ms  DeleteObjects: 1.053400 ms)

AssetImportParameters requested are different than current active one (requested -> active):
  custom:video-decoder-ogg-theora: a1e56fd34408186e4bbccfd4996cb3dc -> 
  custom:container-muxer-webm: aa71ff27fc2769a1b78a27578f13a17b -> 
  custom:container-demuxer-webm: 4f35f7cbe854078d1ac9338744f61a02 -> 
  custom:video-encoder-webm-vp8: eb34c28f22e8b96e1ab97ce403110664 -> 
  custom:audio-encoder-webm-vorbis: bf7c407c2cedff20999df2af8eb42d56 -> 
  custom:framework-win-MediaFoundation: 216162199b28c13a410421893ffa2e32 -> 
  custom:container-demuxer-ogg: 62fdf1f143b41e24485cea50d1cbac27 -> 
  custom:video-decoder-webm-vp8: 9c59270c3fd7afecdb556c50c9e8de78 -> 
  custom:audio-decoder-ogg-vorbis: bf7c407c2cedff20999df2af8eb42d56 -> 
========================================================================
Received Import Request.
  Time since last request: 135.118000 seconds.
  path: Assets/Scenes
  artifactKey: Guid(131a6b21c8605f84396be9f6751fb6e3) Importer(815301076,1909f56bfc062723c751e8b465ee728b)
Start importing Assets/Scenes using Guid(131a6b21c8605f84396be9f6751fb6e3) Importer(815301076,1909f56bfc062723c751e8b465ee728b)  -> (artifact id: '2c23e514d24f6b65fe96946cd87fc526') in 0.015038 seconds 
========================================================================
Received Import Request.
  Time since last request: 5.237798 seconds.
  path: Assets/Scenes/Menu.unity
  artifactKey: Guid(dda00e5e1605c0d41bece1263cfc6f7b) Importer(815301076,1909f56bfc062723c751e8b465ee728b)
Start importing Assets/Scenes/Menu.unity using Guid(dda00e5e1605c0d41bece1263cfc6f7b) Importer(815301076,1909f56bfc062723c751e8b465ee728b)  -> (artifact id: '0c8e09c7fdca12e28a9fa859933c3746') in 0.004873 seconds 
========================================================================
Received Import Request.
  Time since last request: 179.016122 seconds.
  path: Assets/Scenes/Menu.unity
  artifactKey: Guid(dda00e5e1605c0d41bece1263cfc6f7b) Importer(815301076,1909f56bfc062723c751e8b465ee728b)
Start importing Assets/Scenes/Menu.unity using Guid(dda00e5e1605c0d41bece1263cfc6f7b) Importer(815301076,1909f56bfc062723c751e8b465ee728b)  -> (artifact id: '733e4ca85d24471fc046d887639e55f2') in 0.004481 seconds 
========================================================================
Received Prepare
Registering precompiled user dll's ...
Registered in 0.017895 seconds.
Begin MonoManager ReloadAssembly
Symbol file LoadedFromMemory doesn't match image C:\Program Files\Git LFS\Shooter\SpaceAdv\Space_Shooter\Library\PackageCache\com.unity.visualscripting@1.8.0\Editor\VisualScripting.Core\Dependencies\YamlDotNet\Unity.VisualScripting.YamlDotNet.dll
Symbol file LoadedFromMemory doesn't match image C:\Program Files\Git LFS\Shooter\SpaceAdv\Space_Shooter\Library\PackageCache\com.unity.visualscripting@1.8.0\Editor\VisualScripting.Core\Dependencies\DotNetZip\Unity.VisualScripting.IonicZip.dll
Native extension for WindowsStandalone target not found
Native extension for iOS target not found
Native extension for Android target not found
Refreshing native plugins compatible for Editor in 2.12 ms, found 4 plugins.
Preloading 0 native plugins for Editor in 0.00 ms.
Mono: successfully reloaded assembly
- Completed reload, in  2.608 seconds
Domain Reload Profiling:
	ReloadAssembly (2610ms)
		BeginReloadAssembly (369ms)
			ExecutionOrderSort (0ms)
			DisableScriptedObjects (18ms)
			BackupInstance (0ms)
			ReleaseScriptingObjects (0ms)
			CreateAndSetChildDomain (78ms)
		EndReloadAssembly (1976ms)
			LoadAssemblies (294ms)
			RebuildTransferFunctionScriptingTraits (0ms)
			SetupTypeCache (560ms)
			ReleaseScriptCaches (4ms)
			RebuildScriptCaches (121ms)
			SetupLoadedEditorAssemblies (913ms)
				LogAssemblyErrors (0ms)
				InitializePlatformSupportModulesInManaged (78ms)
				SetLoadedEditorAssemblies (1ms)
				RefreshPlugins (2ms)
				BeforeProcessingInitializeOnLoad (210ms)
				ProcessInitializeOnLoadAttributes (510ms)
				ProcessInitializeOnLoadMethodAttributes (84ms)
				AfterProcessingInitializeOnLoad (26ms)
				EditorAssembliesLoaded (1ms)
			ExecutionOrderSort2 (0ms)
			AwakeInstancesAfterBackupRestoration (24ms)
Platform modules already initialized, skipping
Refreshing native plugins compatible for Editor in 6.43 ms, found 4 plugins.
Preloading 0 native plugins for Editor in 0.00 ms.
Unloading 3893 Unused Serialized files (Serialized files now loaded: 0)
Unloading 42 unused Assets / (1.4 MB). Loaded Objects now: 4390.
Memory consumption went from 154.3 MB to 152.9 MB.
Total: 9.410100 ms (FindLiveObjects: 0.565700 ms CreateObjectMapping: 0.540800 ms MarkObjects: 6.618200 ms  DeleteObjects: 1.683000 ms)

AssetImportParameters requested are different than current active one (requested -> active):
  custom:video-decoder-ogg-theora: a1e56fd34408186e4bbccfd4996cb3dc -> 
  custom:container-muxer-webm: aa71ff27fc2769a1b78a27578f13a17b -> 
  custom:container-demuxer-webm: 4f35f7cbe854078d1ac9338744f61a02 -> 
  custom:video-encoder-webm-vp8: eb34c28f22e8b96e1ab97ce403110664 -> 
  custom:audio-encoder-webm-vorbis: bf7c407c2cedff20999df2af8eb42d56 -> 
  custom:framework-win-MediaFoundation: 216162199b28c13a410421893ffa2e32 -> 
  custom:container-demuxer-ogg: 62fdf1f143b41e24485cea50d1cbac27 -> 
  custom:video-decoder-webm-vp8: 9c59270c3fd7afecdb556c50c9e8de78 -> 
  custom:audio-decoder-ogg-vorbis: bf7c407c2cedff20999df2af8eb42d56 -> 
========================================================================
Received Import Request.
  Time since last request: 74.456476 seconds.
  path: Assets/Scripts
  artifactKey: Guid(9d4b816f919c6aa49a8021fd7bb2baa8) Importer(815301076,1909f56bfc062723c751e8b465ee728b)
Start importing Assets/Scripts using Guid(9d4b816f919c6aa49a8021fd7bb2baa8) Importer(815301076,1909f56bfc062723c751e8b465ee728b)  -> (artifact id: '2c47ef14fca7b4c78821c3be715842ab') in 0.014102 seconds 
========================================================================
Received Prepare
Registering precompiled user dll's ...
Registered in 0.013676 seconds.
Begin MonoManager ReloadAssembly
Symbol file LoadedFromMemory doesn't match image C:\Program Files\Git LFS\Shooter\SpaceAdv\Space_Shooter\Library\PackageCache\com.unity.visualscripting@1.8.0\Editor\VisualScripting.Core\Dependencies\YamlDotNet\Unity.VisualScripting.YamlDotNet.dll
Symbol file LoadedFromMemory doesn't match image C:\Program Files\Git LFS\Shooter\SpaceAdv\Space_Shooter\Library\PackageCache\com.unity.visualscripting@1.8.0\Editor\VisualScripting.Core\Dependencies\DotNetZip\Unity.VisualScripting.IonicZip.dll
Native extension for WindowsStandalone target not found
Native extension for iOS target not found
Native extension for Android target not found
Refreshing native plugins compatible for Editor in 2.15 ms, found 4 plugins.
Preloading 0 native plugins for Editor in 0.00 ms.
Mono: successfully reloaded assembly
- Completed reload, in  3.526 seconds
Domain Reload Profiling:
	ReloadAssembly (3528ms)
		BeginReloadAssembly (336ms)
			ExecutionOrderSort (0ms)
			DisableScriptedObjects (17ms)
			BackupInstance (0ms)
			ReleaseScriptingObjects (0ms)
			CreateAndSetChildDomain (97ms)
		EndReloadAssembly (2885ms)
			LoadAssemblies (281ms)
			RebuildTransferFunctionScriptingTraits (0ms)
			SetupTypeCache (835ms)
			ReleaseScriptCaches (4ms)
			RebuildScriptCaches (146ms)
			SetupLoadedEditorAssemblies (1401ms)
				LogAssemblyErrors (0ms)
				InitializePlatformSupportModulesInManaged (142ms)
				SetLoadedEditorAssemblies (1ms)
				RefreshPlugins (2ms)
				BeforeProcessingInitializeOnLoad (318ms)
				ProcessInitializeOnLoadAttributes (768ms)
				ProcessInitializeOnLoadMethodAttributes (111ms)
				AfterProcessingInitializeOnLoad (59ms)
				EditorAssembliesLoaded (0ms)
			ExecutionOrderSort2 (0ms)
			AwakeInstancesAfterBackupRestoration (24ms)
Platform modules already initialized, skipping
Refreshing native plugins compatible for Editor in 9.93 ms, found 4 plugins.
Preloading 0 native plugins for Editor in 0.00 ms.
Unloading 3893 Unused Serialized files (Serialized files now loaded: 0)
Unloading 42 unused Assets / (1.4 MB). Loaded Objects now: 4393.
Memory consumption went from 154.3 MB to 152.9 MB.
Total: 10.428600 ms (FindLiveObjects: 0.714400 ms CreateObjectMapping: 0.771600 ms MarkObjects: 7.608300 ms  DeleteObjects: 1.331500 ms)

AssetImportParameters requested are different than current active one (requested -> active):
  custom:video-decoder-ogg-theora: a1e56fd34408186e4bbccfd4996cb3dc -> 
  custom:container-muxer-webm: aa71ff27fc2769a1b78a27578f13a17b -> 
  custom:container-demuxer-webm: 4f35f7cbe854078d1ac9338744f61a02 -> 
  custom:video-encoder-webm-vp8: eb34c28f22e8b96e1ab97ce403110664 -> 
  custom:audio-encoder-webm-vorbis: bf7c407c2cedff20999df2af8eb42d56 -> 
  custom:framework-win-MediaFoundation: 216162199b28c13a410421893ffa2e32 -> 
  custom:container-demuxer-ogg: 62fdf1f143b41e24485cea50d1cbac27 -> 
  custom:video-decoder-webm-vp8: 9c59270c3fd7afecdb556c50c9e8de78 -> 
  custom:audio-decoder-ogg-vorbis: bf7c407c2cedff20999df2af8eb42d56 -> 
========================================================================
Received Prepare
Registering precompiled user dll's ...
Registered in 0.012597 seconds.
Begin MonoManager ReloadAssembly
Symbol file LoadedFromMemory doesn't match image C:\Program Files\Git LFS\Shooter\SpaceAdv\Space_Shooter\Library\PackageCache\com.unity.visualscripting@1.8.0\Editor\VisualScripting.Core\Dependencies\YamlDotNet\Unity.VisualScripting.YamlDotNet.dll
Symbol file LoadedFromMemory doesn't match image C:\Program Files\Git LFS\Shooter\SpaceAdv\Space_Shooter\Library\PackageCache\com.unity.visualscripting@1.8.0\Editor\VisualScripting.Core\Dependencies\DotNetZip\Unity.VisualScripting.IonicZip.dll
Native extension for WindowsStandalone target not found
Native extension for iOS target not found
Native extension for Android target not found
Refreshing native plugins compatible for Editor in 2.22 ms, found 4 plugins.
Preloading 0 native plugins for Editor in 0.00 ms.
Mono: successfully reloaded assembly
- Completed reload, in  3.163 seconds
Domain Reload Profiling:
	ReloadAssembly (3165ms)
		BeginReloadAssembly (316ms)
			ExecutionOrderSort (0ms)
			DisableScriptedObjects (16ms)
			BackupInstance (0ms)
			ReleaseScriptingObjects (0ms)
			CreateAndSetChildDomain (72ms)
		EndReloadAssembly (2510ms)
			LoadAssemblies (265ms)
			RebuildTransferFunctionScriptingTraits (0ms)
			SetupTypeCache (755ms)
			ReleaseScriptCaches (4ms)
			RebuildScriptCaches (144ms)
			SetupLoadedEditorAssemblies (1181ms)
				LogAssemblyErrors (0ms)
				InitializePlatformSupportModulesInManaged (101ms)
				SetLoadedEditorAssemblies (1ms)
				RefreshPlugins (2ms)
				BeforeProcessingInitializeOnLoad (238ms)
				ProcessInitializeOnLoadAttributes (683ms)
				ProcessInitializeOnLoadMethodAttributes (123ms)
				AfterProcessingInitializeOnLoad (32ms)
				EditorAssembliesLoaded (1ms)
			ExecutionOrderSort2 (0ms)
			AwakeInstancesAfterBackupRestoration (25ms)
Platform modules already initialized, skipping
Refreshing native plugins compatible for Editor in 7.87 ms, found 4 plugins.
Preloading 0 native plugins for Editor in 0.00 ms.
Unloading 3893 Unused Serialized files (Serialized files now loaded: 0)
Unloading 42 unused Assets / (1.4 MB). Loaded Objects now: 4396.
Memory consumption went from 154.3 MB to 152.9 MB.
Total: 9.553400 ms (FindLiveObjects: 0.801000 ms CreateObjectMapping: 1.219200 ms MarkObjects: 6.485800 ms  DeleteObjects: 1.045200 ms)

AssetImportParameters requested are different than current active one (requested -> active):
  custom:video-decoder-ogg-theora: a1e56fd34408186e4bbccfd4996cb3dc -> 
  custom:container-muxer-webm: aa71ff27fc2769a1b78a27578f13a17b -> 
  custom:container-demuxer-webm: 4f35f7cbe854078d1ac9338744f61a02 -> 
  custom:video-encoder-webm-vp8: eb34c28f22e8b96e1ab97ce403110664 -> 
  custom:audio-encoder-webm-vorbis: bf7c407c2cedff20999df2af8eb42d56 -> 
  custom:framework-win-MediaFoundation: 216162199b28c13a410421893ffa2e32 -> 
  custom:container-demuxer-ogg: 62fdf1f143b41e24485cea50d1cbac27 -> 
  custom:video-decoder-webm-vp8: 9c59270c3fd7afecdb556c50c9e8de78 -> 
  custom:audio-decoder-ogg-vorbis: bf7c407c2cedff20999df2af8eb42d56 -> 
========================================================================
Received Import Request.
  Time since last request: 936.282138 seconds.
  path: Assets/Scenes/Menu.unity
  artifactKey: Guid(dda00e5e1605c0d41bece1263cfc6f7b) Importer(815301076,1909f56bfc062723c751e8b465ee728b)
Start importing Assets/Scenes/Menu.unity using Guid(dda00e5e1605c0d41bece1263cfc6f7b) Importer(815301076,1909f56bfc062723c751e8b465ee728b)  -> (artifact id: '51c5c52f96c346354dc717d3f0a01ba8') in 0.013477 seconds 
========================================================================
Received Prepare
Registering precompiled user dll's ...
Registered in 0.015473 seconds.
Begin MonoManager ReloadAssembly
Symbol file LoadedFromMemory doesn't match image C:\Program Files\Git LFS\Shooter\SpaceAdv\Space_Shooter\Library\PackageCache\com.unity.visualscripting@1.8.0\Editor\VisualScripting.Core\Dependencies\YamlDotNet\Unity.VisualScripting.YamlDotNet.dll
Symbol file LoadedFromMemory doesn't match image C:\Program Files\Git LFS\Shooter\SpaceAdv\Space_Shooter\Library\PackageCache\com.unity.visualscripting@1.8.0\Editor\VisualScripting.Core\Dependencies\DotNetZip\Unity.VisualScripting.IonicZip.dll
Native extension for WindowsStandalone target not found
Native extension for iOS target not found
Native extension for Android target not found
Refreshing native plugins compatible for Editor in 2.45 ms, found 4 plugins.
Preloading 0 native plugins for Editor in 0.00 ms.
Mono: successfully reloaded assembly
- Completed reload, in  2.619 seconds
Domain Reload Profiling:
	ReloadAssembly (2620ms)
		BeginReloadAssembly (328ms)
			ExecutionOrderSort (0ms)
			DisableScriptedObjects (17ms)
			BackupInstance (0ms)
			ReleaseScriptingObjects (0ms)
			CreateAndSetChildDomain (77ms)
		EndReloadAssembly (1992ms)
			LoadAssemblies (242ms)
			RebuildTransferFunctionScriptingTraits (0ms)
			SetupTypeCache (565ms)
			ReleaseScriptCaches (4ms)
			RebuildScriptCaches (123ms)
			SetupLoadedEditorAssemblies (933ms)
				LogAssemblyErrors (0ms)
				InitializePlatformSupportModulesInManaged (87ms)
				SetLoadedEditorAssemblies (1ms)
				RefreshPlugins (3ms)
				BeforeProcessingInitializeOnLoad (211ms)
				ProcessInitializeOnLoadAttributes (512ms)
				ProcessInitializeOnLoadMethodAttributes (93ms)
				AfterProcessingInitializeOnLoad (25ms)
				EditorAssembliesLoaded (0ms)
			ExecutionOrderSort2 (0ms)
			AwakeInstancesAfterBackupRestoration (22ms)
Platform modules already initialized, skipping
Refreshing native plugins compatible for Editor in 7.73 ms, found 4 plugins.
Preloading 0 native plugins for Editor in 0.00 ms.
Unloading 3893 Unused Serialized files (Serialized files now loaded: 0)
Unloading 42 unused Assets / (1.4 MB). Loaded Objects now: 4399.
Memory consumption went from 154.3 MB to 152.9 MB.
Total: 10.852100 ms (FindLiveObjects: 0.668800 ms CreateObjectMapping: 0.686900 ms MarkObjects: 8.378500 ms  DeleteObjects: 1.114900 ms)

AssetImportParameters requested are different than current active one (requested -> active):
  custom:video-decoder-ogg-theora: a1e56fd34408186e4bbccfd4996cb3dc -> 
  custom:container-muxer-webm: aa71ff27fc2769a1b78a27578f13a17b -> 
  custom:container-demuxer-webm: 4f35f7cbe854078d1ac9338744f61a02 -> 
  custom:video-encoder-webm-vp8: eb34c28f22e8b96e1ab97ce403110664 -> 
  custom:audio-encoder-webm-vorbis: bf7c407c2cedff20999df2af8eb42d56 -> 
  custom:framework-win-MediaFoundation: 216162199b28c13a410421893ffa2e32 -> 
  custom:container-demuxer-ogg: 62fdf1f143b41e24485cea50d1cbac27 -> 
  custom:video-decoder-webm-vp8: 9c59270c3fd7afecdb556c50c9e8de78 -> 
  custom:audio-decoder-ogg-vorbis: bf7c407c2cedff20999df2af8eb42d56 -> 
========================================================================
Received Import Request.
  Time since last request: 288.875714 seconds.
  path: Assets/Scenes/Menu.unity
  artifactKey: Guid(dda00e5e1605c0d41bece1263cfc6f7b) Importer(815301076,1909f56bfc062723c751e8b465ee728b)
Start importing Assets/Scenes/Menu.unity using Guid(dda00e5e1605c0d41bece1263cfc6f7b) Importer(815301076,1909f56bfc062723c751e8b465ee728b)  -> (artifact id: '8b4a16ef79eb98d191f738f00bb08d76') in 0.014487 seconds 
========================================================================
Received Import Request.
  Time since last request: 151.372465 seconds.
  path: Assets/Scenes/Menu.unity
  artifactKey: Guid(dda00e5e1605c0d41bece1263cfc6f7b) Importer(815301076,1909f56bfc062723c751e8b465ee728b)
Start importing Assets/Scenes/Menu.unity using Guid(dda00e5e1605c0d41bece1263cfc6f7b) Importer(815301076,1909f56bfc062723c751e8b465ee728b)  -> (artifact id: 'b0758e6718e3a09e2da600cc553c9ac8') in 0.003343 seconds 
========================================================================
Received Import Request.
  Time since last request: 275.592357 seconds.
  path: Assets/Scenes/Menu.unity
  artifactKey: Guid(dda00e5e1605c0d41bece1263cfc6f7b) Importer(815301076,1909f56bfc062723c751e8b465ee728b)
Start importing Assets/Scenes/Menu.unity using Guid(dda00e5e1605c0d41bece1263cfc6f7b) Importer(815301076,1909f56bfc062723c751e8b465ee728b)  -> (artifact id: '4a00a29e979aaa42043cb62742357961') in 0.004163 seconds 
========================================================================
Received Import Request.
  Time since last request: 330.737206 seconds.
  path: Assets/Scenes/Game.unity
  artifactKey: Guid(2cda990e2423bbf4892e6590ba056729) Importer(815301076,1909f56bfc062723c751e8b465ee728b)
Start importing Assets/Scenes/Game.unity using Guid(2cda990e2423bbf4892e6590ba056729) Importer(815301076,1909f56bfc062723c751e8b465ee728b)  -> (artifact id: 'c67202df04f1f24dfe48448314571647') in 0.004101 seconds 
========================================================================
Received Import Request.
  Time since last request: 133.638610 seconds.
  path: Assets/Res/Assets/Sound
  artifactKey: Guid(5a63870b6b617bb49b1d1d66d519aa59) Importer(815301076,1909f56bfc062723c751e8b465ee728b)
Start importing Assets/Res/Assets/Sound using Guid(5a63870b6b617bb49b1d1d66d519aa59) Importer(815301076,1909f56bfc062723c751e8b465ee728b)  -> (artifact id: '23c5f358df0251735bb508d4c19a3dca') in 0.004938 seconds 
========================================================================
Received Import Request.
  Time since last request: 0.166804 seconds.
  path: Assets/Res/Assets/Sound/1.wav
  artifactKey: Guid(5d4f9eb530bde07449d8f012fb34fa46) Importer(815301076,1909f56bfc062723c751e8b465ee728b)
Start importing Assets/Res/Assets/Sound/1.wav using Guid(5d4f9eb530bde07449d8f012fb34fa46) Importer(815301076,1909f56bfc062723c751e8b465ee728b)  -> (artifact id: 'c4ad0b8afa0e8998b1bb64b4d303b72b') in 0.270180 seconds 
========================================================================
Received Import Request.
  Time since last request: 0.000043 seconds.
  path: Assets/Res/Assets/Sound/Gold1.wav
  artifactKey: Guid(203c271746d3c59468b5681bb14f0f72) Importer(815301076,1909f56bfc062723c751e8b465ee728b)
Start importing Assets/Res/Assets/Sound/Gold1.wav using Guid(203c271746d3c59468b5681bb14f0f72) Importer(815301076,1909f56bfc062723c751e8b465ee728b)  -> (artifact id: '4eb67390710a3a3f273d68d591a556c9') in 0.019980 seconds 
========================================================================
Received Import Request.
  Time since last request: 0.000074 seconds.
  path: Assets/Res/Assets/Sound/4.wav
  artifactKey: Guid(5fa84fdfcd7af804d8e60921945669a6) Importer(815301076,1909f56bfc062723c751e8b465ee728b)
Start importing Assets/Res/Assets/Sound/4.wav using Guid(5fa84fdfcd7af804d8e60921945669a6) Importer(815301076,1909f56bfc062723c751e8b465ee728b)  -> (artifact id: '5bc6a34b1fe9555347b943318c09a778') in 0.017734 seconds 
========================================================================
Received Import Request.
  Time since last request: 0.000037 seconds.
  path: Assets/Res/Assets/Sound/Death.wav
  artifactKey: Guid(962c7a6a9bdc5dd4e998593576a1ff12) Importer(815301076,1909f56bfc062723c751e8b465ee728b)
Start importing Assets/Res/Assets/Sound/Death.wav using Guid(962c7a6a9bdc5dd4e998593576a1ff12) Importer(815301076,1909f56bfc062723c751e8b465ee728b)  -> (artifact id: '538130230de6ddb070c57f6624a34c78') in 0.015177 seconds 
========================================================================
Received Import Request.
  Time since last request: 0.000044 seconds.
  path: Assets/Res/Assets/Sound/Gold2.wav
  artifactKey: Guid(97e8a18446910784c8eca1b35a6bdcc3) Importer(815301076,1909f56bfc062723c751e8b465ee728b)
Start importing Assets/Res/Assets/Sound/Gold2.wav using Guid(97e8a18446910784c8eca1b35a6bdcc3) Importer(815301076,1909f56bfc062723c751e8b465ee728b)  -> (artifact id: '4be8f340be2b32680dbd143cab2e615c') in 0.017533 seconds 
========================================================================
Received Import Request.
  Time since last request: 0.000042 seconds.
  path: Assets/Res/Assets/Sound/bossShoot.wav
  artifactKey: Guid(ca25fca6462ac70478af9ff2006a56a1) Importer(815301076,1909f56bfc062723c751e8b465ee728b)
Start importing Assets/Res/Assets/Sound/bossShoot.wav using Guid(ca25fca6462ac70478af9ff2006a56a1) Importer(815301076,1909f56bfc062723c751e8b465ee728b)  -> (artifact id: '2ca4e62c72da880fb2f5c61bea198695') in 0.016572 seconds 
========================================================================
Received Import Request.
  Time since last request: 0.000032 seconds.
  path: Assets/Res/Assets/Sound/powerUp2.wav
  artifactKey: Guid(9689f08a483872c4ea416717873ad93c) Importer(815301076,1909f56bfc062723c751e8b465ee728b)
Start importing Assets/Res/Assets/Sound/powerUp2.wav using Guid(9689f08a483872c4ea416717873ad93c) Importer(815301076,1909f56bfc062723c751e8b465ee728b)  -> (artifact id: 'bc9a7737635748e2cc7998b6fd007078') in 0.020841 seconds 
========================================================================
Received Import Request.
  Time since last request: 0.000031 seconds.
  path: Assets/Res/Assets/Sound/Gold3.wav
  artifactKey: Guid(581819b4c03557e4581a823e2460e2a9) Importer(815301076,1909f56bfc062723c751e8b465ee728b)
Start importing Assets/Res/Assets/Sound/Gold3.wav using Guid(581819b4c03557e4581a823e2460e2a9) Importer(815301076,1909f56bfc062723c751e8b465ee728b)  -> (artifact id: 'ac3d74df79a7f8220dec6ab76ab97a8b') in 0.019137 seconds 
========================================================================
Received Import Request.
  Time since last request: 0.000034 seconds.
  path: Assets/Res/Assets/Sound/bossDeath.wav
  artifactKey: Guid(44603fa3844d05d4aa8abb77a7185b5c) Importer(815301076,1909f56bfc062723c751e8b465ee728b)
Start importing Assets/Res/Assets/Sound/bossDeath.wav using Guid(44603fa3844d05d4aa8abb77a7185b5c) Importer(815301076,1909f56bfc062723c751e8b465ee728b)  -> (artifact id: 'de268f406d2ef91d0915905c5a3f7a5a') in 0.016979 seconds 
========================================================================
Received Import Request.
  Time since last request: 0.000039 seconds.
  path: Assets/Res/Assets/Sound/powerUp.wav
  artifactKey: Guid(6e5cf83880465c24aaf2e445861c7722) Importer(815301076,1909f56bfc062723c751e8b465ee728b)
Start importing Assets/Res/Assets/Sound/powerUp.wav using Guid(6e5cf83880465c24aaf2e445861c7722) Importer(815301076,1909f56bfc062723c751e8b465ee728b)  -> (artifact id: '0bb0c24095be041c2d70a42b21e24faf') in 0.024877 seconds 
========================================================================
Received Import Request.
  Time since last request: 0.000045 seconds.
  path: Assets/Res/Assets/Sound/8.wav
  artifactKey: Guid(9f9d83b83c58151499522f68ca28edaa) Importer(815301076,1909f56bfc062723c751e8b465ee728b)
Start importing Assets/Res/Assets/Sound/8.wav using Guid(9f9d83b83c58151499522f68ca28edaa) Importer(815301076,1909f56bfc062723c751e8b465ee728b)  -> (artifact id: 'b7720f16260b36d77ad0cc3fd7f0a1f4') in 0.016973 seconds 
========================================================================
Received Import Request.
  Time since last request: 0.000056 seconds.
  path: Assets/Res/Assets/Sound/7.wav
  artifactKey: Guid(ef872514485354a488b8e8b38f023b53) Importer(815301076,1909f56bfc062723c751e8b465ee728b)
Start importing Assets/Res/Assets/Sound/7.wav using Guid(ef872514485354a488b8e8b38f023b53) Importer(815301076,1909f56bfc062723c751e8b465ee728b)  -> (artifact id: 'cd12baba663aac49eab20745574fc80f') in 0.017439 seconds 
========================================================================
Received Import Request.
  Time since last request: 14.711359 seconds.
  path: Assets/Res/Assets/Sound/shoot-destroy-3.wav
  artifactKey: Guid(69a309aba2ba7784eb56638679a34e37) Importer(815301076,1909f56bfc062723c751e8b465ee728b)
Start importing Assets/Res/Assets/Sound/shoot-destroy-3.wav using Guid(69a309aba2ba7784eb56638679a34e37) Importer(815301076,1909f56bfc062723c751e8b465ee728b)  -> (artifact id: '7173077ae797e97d9dea5ff01a9ee45a') in 0.014637 seconds 
========================================================================
Received Import Request.
  Time since last request: 87.690912 seconds.
  path: Assets/Res/Assets/Music/2.ogg
  artifactKey: Guid(95def6d0294e4934e968832f7a512e16) Importer(815301076,1909f56bfc062723c751e8b465ee728b)
Start importing Assets/Res/Assets/Music/2.ogg using Guid(95def6d0294e4934e968832f7a512e16) Importer(815301076,1909f56bfc062723c751e8b465ee728b)  -> (artifact id: 'b9da60258a8d2b762771b23bba5ef848') in 0.019288 seconds 
========================================================================
Received Import Request.
  Time since last request: 0.000045 seconds.
  path: Assets/Res/Assets/Music/3.ogg
  artifactKey: Guid(45f7404fa6297aa4f917da340ea808d0) Importer(815301076,1909f56bfc062723c751e8b465ee728b)
Start importing Assets/Res/Assets/Music/3.ogg using Guid(45f7404fa6297aa4f917da340ea808d0) Importer(815301076,1909f56bfc062723c751e8b465ee728b)  -> (artifact id: '53bd299294f94616034b004d4d726899') in 0.019078 seconds 
========================================================================
Received Prepare
Registering precompiled user dll's ...
Registered in 0.016042 seconds.
Begin MonoManager ReloadAssembly
Symbol file LoadedFromMemory doesn't match image C:\Program Files\Git LFS\Shooter\SpaceAdv\Space_Shooter\Library\PackageCache\com.unity.visualscripting@1.8.0\Editor\VisualScripting.Core\Dependencies\YamlDotNet\Unity.VisualScripting.YamlDotNet.dll
Symbol file LoadedFromMemory doesn't match image C:\Program Files\Git LFS\Shooter\SpaceAdv\Space_Shooter\Library\PackageCache\com.unity.visualscripting@1.8.0\Editor\VisualScripting.Core\Dependencies\DotNetZip\Unity.VisualScripting.IonicZip.dll
Native extension for WindowsStandalone target not found
Native extension for iOS target not found
Native extension for Android target not found
Refreshing native plugins compatible for Editor in 2.21 ms, found 4 plugins.
Preloading 0 native plugins for Editor in 0.00 ms.
Mono: successfully reloaded assembly
- Completed reload, in  2.505 seconds
Domain Reload Profiling:
	ReloadAssembly (2507ms)
		BeginReloadAssembly (331ms)
			ExecutionOrderSort (0ms)
			DisableScriptedObjects (16ms)
			BackupInstance (0ms)
			ReleaseScriptingObjects (0ms)
			CreateAndSetChildDomain (83ms)
		EndReloadAssembly (1938ms)
			LoadAssemblies (243ms)
			RebuildTransferFunctionScriptingTraits (0ms)
			SetupTypeCache (618ms)
			ReleaseScriptCaches (5ms)
			RebuildScriptCaches (121ms)
			SetupLoadedEditorAssemblies (856ms)
				LogAssemblyErrors (0ms)
				InitializePlatformSupportModulesInManaged (74ms)
				SetLoadedEditorAssemblies (1ms)
				RefreshPlugins (2ms)
				BeforeProcessingInitializeOnLoad (186ms)
				ProcessInitializeOnLoadAttributes (464ms)
				ProcessInitializeOnLoadMethodAttributes (97ms)
				AfterProcessingInitializeOnLoad (31ms)
				EditorAssembliesLoaded (0ms)
			ExecutionOrderSort2 (0ms)
			AwakeInstancesAfterBackupRestoration (21ms)
Platform modules already initialized, skipping
Refreshing native plugins compatible for Editor in 5.51 ms, found 4 plugins.
Preloading 0 native plugins for Editor in 0.00 ms.
Unloading 3893 Unused Serialized files (Serialized files now loaded: 0)
Unloading 42 unused Assets / (1.4 MB). Loaded Objects now: 4411.
Memory consumption went from 158.7 MB to 157.3 MB.
Total: 9.982400 ms (FindLiveObjects: 0.611900 ms CreateObjectMapping: 0.411700 ms MarkObjects: 7.886500 ms  DeleteObjects: 1.070200 ms)

AssetImportParameters requested are different than current active one (requested -> active):
  custom:video-decoder-ogg-theora: a1e56fd34408186e4bbccfd4996cb3dc -> 
  custom:container-muxer-webm: aa71ff27fc2769a1b78a27578f13a17b -> 
  custom:container-demuxer-webm: 4f35f7cbe854078d1ac9338744f61a02 -> 
  custom:video-encoder-webm-vp8: eb34c28f22e8b96e1ab97ce403110664 -> 
  custom:audio-encoder-webm-vorbis: bf7c407c2cedff20999df2af8eb42d56 -> 
  custom:framework-win-MediaFoundation: 216162199b28c13a410421893ffa2e32 -> 
  custom:container-demuxer-ogg: 62fdf1f143b41e24485cea50d1cbac27 -> 
  custom:video-decoder-webm-vp8: 9c59270c3fd7afecdb556c50c9e8de78 -> 
  custom:audio-decoder-ogg-vorbis: bf7c407c2cedff20999df2af8eb42d56 -> 
========================================================================
Received Import Request.
  Time since last request: 129.603806 seconds.
  path: Assets/Res/Assets/HUD/EmptylLife.png
  artifactKey: Guid(7419366c04094d048b7fa0d7ed7ee57f) Importer(815301076,1909f56bfc062723c751e8b465ee728b)
Start importing Assets/Res/Assets/HUD/EmptylLife.png using Guid(7419366c04094d048b7fa0d7ed7ee57f) Importer(815301076,1909f56bfc062723c751e8b465ee728b)  -> (artifact id: '55cfb78d43c2a21cf0a8c27284bd5b37') in 0.275885 seconds 
========================================================================
Received Import Request.
  Time since last request: 0.000058 seconds.
  path: Assets/Res/Assets/HUD/HealthBarColor.png
  artifactKey: Guid(27ebfb07bf7846145b296272bf20d7e1) Importer(815301076,1909f56bfc062723c751e8b465ee728b)
Start importing Assets/Res/Assets/HUD/HealthBarColor.png using Guid(27ebfb07bf7846145b296272bf20d7e1) Importer(815301076,1909f56bfc062723c751e8b465ee728b)  -> (artifact id: '645e2b53bb9787bfd9f4a987c7c90274') in 0.031270 seconds 
========================================================================
Received Import Request.
  Time since last request: 0.000068 seconds.
  path: Assets/Res/Assets/HUD/lifeBarColor.png
  artifactKey: Guid(7a8b1697f7340c44da5e470a359aa1de) Importer(815301076,1909f56bfc062723c751e8b465ee728b)
Start importing Assets/Res/Assets/HUD/lifeBarColor.png using Guid(7a8b1697f7340c44da5e470a359aa1de) Importer(815301076,1909f56bfc062723c751e8b465ee728b)  -> (artifact id: 'b1e6392c046ac7837c4921181ad3c0a1') in 0.019833 seconds 
========================================================================
Received Import Request.
  Time since last request: 0.000043 seconds.
  path: Assets/Res/Assets/HUD/number.gif
  artifactKey: Guid(d4d5737b25f71ef45b0e3b0c54a51abe) Importer(815301076,1909f56bfc062723c751e8b465ee728b)
Start importing Assets/Res/Assets/HUD/number.gif using Guid(d4d5737b25f71ef45b0e3b0c54a51abe) Importer(815301076,1909f56bfc062723c751e8b465ee728b)  -> (artifact id: '60420759c8d5a0c23836d29aca103a30') in 0.027394 seconds 
========================================================================
Received Import Request.
  Time since last request: 0.000033 seconds.
  path: Assets/Res/Assets/HUD/EnergieBar2.png
  artifactKey: Guid(ad2d0bff784772242927fc640e050f1e) Importer(815301076,1909f56bfc062723c751e8b465ee728b)
Start importing Assets/Res/Assets/HUD/EnergieBar2.png using Guid(ad2d0bff784772242927fc640e050f1e) Importer(815301076,1909f56bfc062723c751e8b465ee728b)  -> (artifact id: '904f4528b3dd520255fda8f953d67fe6') in 0.025223 seconds 
========================================================================
Received Import Request.
  Time since last request: 0.000039 seconds.
  path: Assets/Res/Assets/HUD/FullLife.png
  artifactKey: Guid(0edce2d3b31338748b2fd01ff9619401) Importer(815301076,1909f56bfc062723c751e8b465ee728b)
Start importing Assets/Res/Assets/HUD/FullLife.png using Guid(0edce2d3b31338748b2fd01ff9619401) Importer(815301076,1909f56bfc062723c751e8b465ee728b)  -> (artifact id: '1fa3db21a8f350010a874f072e037091') in 0.025184 seconds 
========================================================================
Received Import Request.
  Time since last request: 46.638391 seconds.
  path: Assets/Res/Assets/Shoot/3.png
  artifactKey: Guid(2efd7e86bcb8c2b43895f79e8e93bf29) Importer(815301076,1909f56bfc062723c751e8b465ee728b)
Start importing Assets/Res/Assets/Shoot/3.png using Guid(2efd7e86bcb8c2b43895f79e8e93bf29) Importer(815301076,1909f56bfc062723c751e8b465ee728b)  -> (artifact id: 'e29637a396ec4fcd2d1cff5afd531e72') in 0.031128 seconds 
========================================================================
Received Import Request.
  Time since last request: 0.000054 seconds.
  path: Assets/Res/Assets/Shoot/8.png
  artifactKey: Guid(6cf3a825a364a764a85f62a8cf2105ce) Importer(815301076,1909f56bfc062723c751e8b465ee728b)
Start importing Assets/Res/Assets/Shoot/8.png using Guid(6cf3a825a364a764a85f62a8cf2105ce) Importer(815301076,1909f56bfc062723c751e8b465ee728b)  -> (artifact id: '4d6cfd226b86b79d704065bc1b7fec43') in 0.029950 seconds 
========================================================================
Received Import Request.
  Time since last request: 0.000067 seconds.
  path: Assets/Res/Assets/Shoot/5.png
  artifactKey: Guid(3e01fe0a769222d4c8eb3e197f007a71) Importer(815301076,1909f56bfc062723c751e8b465ee728b)
Start importing Assets/Res/Assets/Shoot/5.png using Guid(3e01fe0a769222d4c8eb3e197f007a71) Importer(815301076,1909f56bfc062723c751e8b465ee728b)  -> (artifact id: 'aebe54cf21e760d846e53644626993f2') in 0.027005 seconds 
========================================================================
Received Import Request.
  Time since last request: 0.000042 seconds.
  path: Assets/Res/Assets/Shoot/7.png
  artifactKey: Guid(93b2e13d1b9928842969985586fe4248) Importer(815301076,1909f56bfc062723c751e8b465ee728b)
Start importing Assets/Res/Assets/Shoot/7.png using Guid(93b2e13d1b9928842969985586fe4248) Importer(815301076,1909f56bfc062723c751e8b465ee728b)  -> (artifact id: 'cddead3a3b26205944a47b7d5da73b90') in 0.029604 seconds 
========================================================================
Received Import Request.
  Time since last request: 0.000034 seconds.
  path: Assets/Res/Assets/Shoot/9.png
  artifactKey: Guid(ef2acef2d96536e47a582b9d627a341a) Importer(815301076,1909f56bfc062723c751e8b465ee728b)
Start importing Assets/Res/Assets/Shoot/9.png using Guid(ef2acef2d96536e47a582b9d627a341a) Importer(815301076,1909f56bfc062723c751e8b465ee728b)  -> (artifact id: '55e9af62dfe26c1afa1c3ec78295aa1e') in 0.022059 seconds 
========================================================================
Received Import Request.
  Time since last request: 0.000046 seconds.
  path: Assets/Res/Assets/Shoot/6.png
  artifactKey: Guid(d63eca801ac3ca347bb7d23e23c308f9) Importer(815301076,1909f56bfc062723c751e8b465ee728b)
Start importing Assets/Res/Assets/Shoot/6.png using Guid(d63eca801ac3ca347bb7d23e23c308f9) Importer(815301076,1909f56bfc062723c751e8b465ee728b)  -> (artifact id: '4cf915ade1e87ca79466b7ea273a5d90') in 0.021451 seconds 
========================================================================
Received Import Request.
  Time since last request: 21.828866 seconds.
  path: Assets/Res/Assets/Ship/3.png
  artifactKey: Guid(5c378acd4ca7ac3499be3022d3254665) Importer(815301076,1909f56bfc062723c751e8b465ee728b)
Start importing Assets/Res/Assets/Ship/3.png using Guid(5c378acd4ca7ac3499be3022d3254665) Importer(815301076,1909f56bfc062723c751e8b465ee728b)  -> (artifact id: '3b4f7aab16203cc0cf13e30eff167ecb') in 0.031020 seconds 
========================================================================
Received Import Request.
  Time since last request: 0.000119 seconds.
  path: Assets/Res/Assets/Ship/6b.png
  artifactKey: Guid(087cc5935767de04c9ca4ccb6007c974) Importer(815301076,1909f56bfc062723c751e8b465ee728b)
Start importing Assets/Res/Assets/Ship/6b.png using Guid(087cc5935767de04c9ca4ccb6007c974) Importer(815301076,1909f56bfc062723c751e8b465ee728b)  -> (artifact id: '3aecdf81d5b8317e09c41df7fc0536ea') in 0.041654 seconds 
========================================================================
Received Import Request.
  Time since last request: 0.000058 seconds.
  path: Assets/Res/Assets/Ship/10.png
  artifactKey: Guid(f354af5d129e4d946be32b18a7bac868) Importer(815301076,1909f56bfc062723c751e8b465ee728b)
Start importing Assets/Res/Assets/Ship/10.png using Guid(f354af5d129e4d946be32b18a7bac868) Importer(815301076,1909f56bfc062723c751e8b465ee728b)  -> (artifact id: 'e4895e32103b8c20373a437040cf2f60') in 0.036858 seconds 
Editor requested this worker to shutdown with reason: Scaling down because of idle timeout
AssetImportWorker is now disconnected from the server
Process exiting
Exiting without the bug reporter. Application will terminate with return code 0