Using pre-set license
Built from '2021.3/staging' branch; Version is '2021.3.20f1 (577897200b8b) revision 5732503'; Using compiler version '192829333'; Build Type 'Release'
OS: 'Windows 10  (10.0.19045) 64bit Professional' Language: 'pt' Physical Memory: 18133 MB
BatchMode: 1, IsHumanControllingUs: 0, StartBugReporterOnCrash: 0, Is64bit: 1, IsPro: 1

COMMAND LINE ARGUMENTS:
C:\Program Files\Unity\Hub\Editor\2021.3.20f1\Editor\Unity.exe
-adb2
-batchMode
-noUpm
-name
AssetImportWorker5
-projectPath
C:/Program Files/Git LFS/Shooter/SpaceAdv/Space_Shooter
-logFile
Logs/AssetImportWorker5.log
-srvPort
60469
Successfully changed project path to: C:/Program Files/Git LFS/Shooter/SpaceAdv/Space_Shooter
C:/Program Files/Git LFS/Shooter/SpaceAdv/Space_Shooter
[UnityMemory] Configuration Parameters - Can be set up in boot.config
    "memorysetup-bucket-allocator-granularity=16"
    "memorysetup-bucket-allocator-bucket-count=8"
    "memorysetup-bucket-allocator-block-size=33554432"
    "memorysetup-bucket-allocator-block-count=8"
    "memorysetup-main-allocator-block-size=16777216"
    "memorysetup-thread-allocator-block-size=16777216"
    "memorysetup-gfx-main-allocator-block-size=16777216"
    "memorysetup-gfx-thread-allocator-block-size=16777216"
    "memorysetup-cache-allocator-block-size=4194304"
    "memorysetup-typetree-allocator-block-size=2097152"
    "memorysetup-profiler-bucket-allocator-granularity=16"
    "memorysetup-profiler-bucket-allocator-bucket-count=8"
    "memorysetup-profiler-bucket-allocator-block-size=33554432"
    "memorysetup-profiler-bucket-allocator-block-count=8"
    "memorysetup-profiler-allocator-block-size=16777216"
    "memorysetup-profiler-editor-allocator-block-size=1048576"
    "memorysetup-temp-allocator-size-main=16777216"
    "memorysetup-job-temp-allocator-block-size=2097152"
    "memorysetup-job-temp-allocator-block-size-background=1048576"
    "memorysetup-job-temp-allocator-reduction-small-platforms=262144"
    "memorysetup-temp-allocator-size-background-worker=32768"
    "memorysetup-temp-allocator-size-job-worker=262144"
    "memorysetup-temp-allocator-size-preload-manager=33554432"
    "memorysetup-temp-allocator-size-nav-mesh-worker=65536"
    "memorysetup-temp-allocator-size-audio-worker=65536"
    "memorysetup-temp-allocator-size-cloud-worker=32768"
    "memorysetup-temp-allocator-size-gi-baking-worker=262144"
    "memorysetup-temp-allocator-size-gfx=262144"
Player connection [11008] Host "[IP] 192.168.0.11 [Port] 0 [Flags] 2 [Guid] 215424390 [EditorId] 215424390 [Version] 1048832 [Id] WindowsEditor(7,Arthur) [Debug] 1 [PackageName] WindowsEditor [ProjectName] Editor" joined multi-casting on [225.0.0.222:54997]...

Player connection [11008] Host "[IP] 192.168.0.11 [Port] 0 [Flags] 2 [Guid] 215424390 [EditorId] 215424390 [Version] 1048832 [Id] WindowsEditor(7,Arthur) [Debug] 1 [PackageName] WindowsEditor [ProjectName] Editor" joined alternative multi-casting on [225.0.0.222:34997]...

Refreshing native plugins compatible for Editor in 213.49 ms, found 4 plugins.
Preloading 0 native plugins for Editor in 0.00 ms.
Initialize engine version: 2021.3.20f1 (577897200b8b)
[Subsystems] Discovering subsystems at path C:/Program Files/Unity/Hub/Editor/2021.3.20f1/Editor/Data/Resources/UnitySubsystems
[Subsystems] Discovering subsystems at path C:/Program Files/Git LFS/Shooter/SpaceAdv/Space_Shooter/Assets
GfxDevice: creating device client; threaded=0; jobified=0
Direct3D:
    Version:  Direct3D 11.0 [level 11.1]
    Renderer: AMD Radeon(TM) Vega 8 Graphics (ID=0x15d8)
    Vendor:   ATI
    VRAM:     9066 MB
    Driver:   26.20.14046.3
Initialize mono
Mono path[0] = 'C:/Program Files/Unity/Hub/Editor/2021.3.20f1/Editor/Data/Managed'
Mono path[1] = 'C:/Program Files/Unity/Hub/Editor/2021.3.20f1/Editor/Data/MonoBleedingEdge/lib/mono/unityjit-win32'
Mono config path = 'C:/Program Files/Unity/Hub/Editor/2021.3.20f1/Editor/Data/MonoBleedingEdge/etc'
Using monoOptions --debugger-agent=transport=dt_socket,embedding=1,server=y,suspend=n,address=127.0.0.1:56608
Begin MonoManager ReloadAssembly
Registering precompiled unity dll's ...
Register platform support module: C:/Program Files/Unity/Hub/Editor/2021.3.20f1/Editor/Data/PlaybackEngines/AndroidPlayer/UnityEditor.Android.Extensions.dll
Register platform support module: C:/Program Files/Unity/Hub/Editor/2021.3.20f1/Editor/Data/PlaybackEngines/iOSSupport/UnityEditor.iOS.Extensions.dll
Register platform support module: C:/Program Files/Unity/Hub/Editor/2021.3.20f1/Editor/Data/PlaybackEngines/WindowsStandaloneSupport/UnityEditor.WindowsStandalone.Extensions.dll
Registered in 0.019559 seconds.
Native extension for WindowsStandalone target not found
[usbmuxd] Start listen thread
[usbmuxd] Listen thread started
Native extension for iOS target not found
Native extension for Android target not found
Android Extension - Scanning For ADB Devices 626 ms
Refreshing native plugins compatible for Editor in 211.42 ms, found 4 plugins.
Preloading 0 native plugins for Editor in 0.00 ms.
Mono: successfully reloaded assembly
- Completed reload, in  2.141 seconds
Domain Reload Profiling:
	ReloadAssembly (2141ms)
		BeginReloadAssembly (218ms)
			ExecutionOrderSort (0ms)
			DisableScriptedObjects (0ms)
			BackupInstance (0ms)
			ReleaseScriptingObjects (0ms)
			CreateAndSetChildDomain (1ms)
		EndReloadAssembly (1706ms)
			LoadAssemblies (214ms)
			RebuildTransferFunctionScriptingTraits (0ms)
			SetupTypeCache (204ms)
			ReleaseScriptCaches (0ms)
			RebuildScriptCaches (57ms)
			SetupLoadedEditorAssemblies (1327ms)
				LogAssemblyErrors (0ms)
				InitializePlatformSupportModulesInManaged (782ms)
				SetLoadedEditorAssemblies (0ms)
				RefreshPlugins (212ms)
				BeforeProcessingInitializeOnLoad (3ms)
				ProcessInitializeOnLoadAttributes (241ms)
				ProcessInitializeOnLoadMethodAttributes (90ms)
				AfterProcessingInitializeOnLoad (0ms)
				EditorAssembliesLoaded (0ms)
			ExecutionOrderSort2 (0ms)
			AwakeInstancesAfterBackupRestoration (0ms)
Platform modules already initialized, skipping
Registering precompiled user dll's ...
Registered in 0.014112 seconds.
Begin MonoManager ReloadAssembly
Symbol file LoadedFromMemory doesn't match image C:\Program Files\Git LFS\Shooter\SpaceAdv\Space_Shooter\Library\PackageCache\com.unity.visualscripting@1.8.0\Editor\VisualScripting.Core\Dependencies\YamlDotNet\Unity.VisualScripting.YamlDotNet.dll
Symbol file LoadedFromMemory doesn't match image C:\Program Files\Git LFS\Shooter\SpaceAdv\Space_Shooter\Library\PackageCache\com.unity.visualscripting@1.8.0\Editor\VisualScripting.Core\Dependencies\DotNetZip\Unity.VisualScripting.IonicZip.dll
Native extension for WindowsStandalone target not found
Native extension for iOS target not found
Native extension for Android target not found
Refreshing native plugins compatible for Editor in 163.41 ms, found 4 plugins.
Preloading 0 native plugins for Editor in 0.00 ms.
Mono: successfully reloaded assembly
- Completed reload, in  2.832 seconds
Domain Reload Profiling:
	ReloadAssembly (2834ms)
		BeginReloadAssembly (271ms)
			ExecutionOrderSort (0ms)
			DisableScriptedObjects (11ms)
			BackupInstance (0ms)
			ReleaseScriptingObjects (0ms)
			CreateAndSetChildDomain (37ms)
		EndReloadAssembly (2230ms)
			LoadAssemblies (242ms)
			RebuildTransferFunctionScriptingTraits (0ms)
			SetupTypeCache (686ms)
			ReleaseScriptCaches (1ms)
			RebuildScriptCaches (140ms)
			SetupLoadedEditorAssemblies (1077ms)
				LogAssemblyErrors (0ms)
				InitializePlatformSupportModulesInManaged (62ms)
				SetLoadedEditorAssemblies (0ms)
				RefreshPlugins (164ms)
				BeforeProcessingInitializeOnLoad (208ms)
				ProcessInitializeOnLoadAttributes (540ms)
				ProcessInitializeOnLoadMethodAttributes (86ms)
				AfterProcessingInitializeOnLoad (17ms)
				EditorAssembliesLoaded (0ms)
			ExecutionOrderSort2 (0ms)
			AwakeInstancesAfterBackupRestoration (11ms)
Platform modules already initialized, skipping
========================================================================
Worker process is ready to serve import requests
Launched and connected shader compiler UnityShaderCompiler.exe after 0.11 seconds
Refreshing native plugins compatible for Editor in 1.69 ms, found 4 plugins.
Preloading 0 native plugins for Editor in 0.00 ms.
Unloading 3938 Unused Serialized files (Serialized files now loaded: 0)
Unloading 55 unused Assets / (1.5 MB). Loaded Objects now: 4383.
Memory consumption went from 158.5 MB to 157.0 MB.
Total: 8.144800 ms (FindLiveObjects: 0.559100 ms CreateObjectMapping: 0.698500 ms MarkObjects: 5.932900 ms  DeleteObjects: 0.952400 ms)

AssetImportParameters requested are different than current active one (requested -> active):
  custom:video-decoder-ogg-theora: a1e56fd34408186e4bbccfd4996cb3dc -> 
  custom:container-muxer-webm: aa71ff27fc2769a1b78a27578f13a17b -> 
  custom:container-demuxer-webm: 4f35f7cbe854078d1ac9338744f61a02 -> 
  custom:video-encoder-webm-vp8: eb34c28f22e8b96e1ab97ce403110664 -> 
  custom:audio-encoder-webm-vorbis: bf7c407c2cedff20999df2af8eb42d56 -> 
  custom:framework-win-MediaFoundation: 216162199b28c13a410421893ffa2e32 -> 
  custom:container-demuxer-ogg: 62fdf1f143b41e24485cea50d1cbac27 -> 
  custom:video-decoder-webm-vp8: 9c59270c3fd7afecdb556c50c9e8de78 -> 
  custom:audio-decoder-ogg-vorbis: bf7c407c2cedff20999df2af8eb42d56 -> 
========================================================================
Received Import Request.
  Time since last request: 1079983.835642 seconds.
  path: Assets/Res/Assets/Item/Bomb.png
  artifactKey: Guid(c2225662add841045a10c0fde9e8544f) Importer(815301076,1909f56bfc062723c751e8b465ee728b)
Start importing Assets/Res/Assets/Item/Bomb.png using Guid(c2225662add841045a10c0fde9e8544f) Importer(815301076,1909f56bfc062723c751e8b465ee728b)  -> (artifact id: 'f8fe06152fab0bd18c2c4cf3ad830ca0') in 0.307465 seconds 
========================================================================
Received Import Request.
  Time since last request: 0.000070 seconds.
  path: Assets/Res/Assets/Item/Gem1.png
  artifactKey: Guid(f946acf223553f546b1500ba46e51bc5) Importer(815301076,1909f56bfc062723c751e8b465ee728b)
Start importing Assets/Res/Assets/Item/Gem1.png using Guid(f946acf223553f546b1500ba46e51bc5) Importer(815301076,1909f56bfc062723c751e8b465ee728b)  -> (artifact id: '87ab395bc1f7327630accb6c8341bc76') in 0.025575 seconds 
========================================================================
Received Import Request.
  Time since last request: 0.000062 seconds.
  path: Assets/Res/Assets/Item/Gem4.gif
  artifactKey: Guid(0000a500b22cbd44098e9e20daef698e) Importer(815301076,1909f56bfc062723c751e8b465ee728b)
Start importing Assets/Res/Assets/Item/Gem4.gif using Guid(0000a500b22cbd44098e9e20daef698e) Importer(815301076,1909f56bfc062723c751e8b465ee728b)  -> (artifact id: '50d0830ef6fa9d4578f51680d2a0d170') in 0.035469 seconds 
========================================================================
Received Import Request.
  Time since last request: 0.000038 seconds.
  path: Assets/Res/Assets/Item/Crate1.png
  artifactKey: Guid(8bd21d5d6ed39384e9899ed375807f70) Importer(815301076,1909f56bfc062723c751e8b465ee728b)
Start importing Assets/Res/Assets/Item/Crate1.png using Guid(8bd21d5d6ed39384e9899ed375807f70) Importer(815301076,1909f56bfc062723c751e8b465ee728b)  -> (artifact id: 'e1508ef604b8ebfe882b4778a8ad64ed') in 0.029154 seconds 
========================================================================
Received Import Request.
  Time since last request: 0.000042 seconds.
  path: Assets/Res/Assets/Item/Gem2.gif
  artifactKey: Guid(b649b4f24b4a8e9448f3f7ecc964302c) Importer(815301076,1909f56bfc062723c751e8b465ee728b)
Start importing Assets/Res/Assets/Item/Gem2.gif using Guid(b649b4f24b4a8e9448f3f7ecc964302c) Importer(815301076,1909f56bfc062723c751e8b465ee728b)  -> (artifact id: '2753c3141e4d156c33a0a4f4ca361d75') in 0.024577 seconds 
========================================================================
Received Import Request.
  Time since last request: 0.000038 seconds.
  path: Assets/Res/Assets/Item/Gem1.gif
  artifactKey: Guid(61efbda8b9d4acf4999be2cb5060d5c6) Importer(815301076,1909f56bfc062723c751e8b465ee728b)
Start importing Assets/Res/Assets/Item/Gem1.gif using Guid(61efbda8b9d4acf4999be2cb5060d5c6) Importer(815301076,1909f56bfc062723c751e8b465ee728b)  -> (artifact id: '653da8855781ee4887dd9ab71f04e56b') in 0.025110 seconds 
========================================================================
Received Import Request.
  Time since last request: 0.000039 seconds.
  path: Assets/Res/Assets/Item/Gem3.gif
  artifactKey: Guid(a695256672beb1740b11494d6eb2549c) Importer(815301076,1909f56bfc062723c751e8b465ee728b)
Start importing Assets/Res/Assets/Item/Gem3.gif using Guid(a695256672beb1740b11494d6eb2549c) Importer(815301076,1909f56bfc062723c751e8b465ee728b)  -> (artifact id: '22794a1ad518e710b588d494e84dd1c0') in 0.024399 seconds 
========================================================================
Received Import Request.
  Time since last request: 0.000072 seconds.
  path: Assets/Res/Assets/Item/PowerUp7.png
  artifactKey: Guid(0106570e327d25748bc7fa98731c2f4e) Importer(815301076,1909f56bfc062723c751e8b465ee728b)
Start importing Assets/Res/Assets/Item/PowerUp7.png using Guid(0106570e327d25748bc7fa98731c2f4e) Importer(815301076,1909f56bfc062723c751e8b465ee728b)  -> (artifact id: '273e790736a9c19cfdda418dbdc278dd') in 0.026106 seconds 
========================================================================
Received Import Request.
  Time since last request: 0.000046 seconds.
  path: Assets/Res/Assets/Item/Gem3.png
  artifactKey: Guid(31b1653cfca61b34d995b4c6de6655ac) Importer(815301076,1909f56bfc062723c751e8b465ee728b)
Start importing Assets/Res/Assets/Item/Gem3.png using Guid(31b1653cfca61b34d995b4c6de6655ac) Importer(815301076,1909f56bfc062723c751e8b465ee728b)  -> (artifact id: '63d79d45c3beb8e6f5aa7576fa94757c') in 0.022699 seconds 
========================================================================
Received Import Request.
  Time since last request: 0.000055 seconds.
  path: Assets/Res/Assets/Item/PowerUp6.png
  artifactKey: Guid(e6b65348dd0c2764c840376f4fe765c0) Importer(815301076,1909f56bfc062723c751e8b465ee728b)
Start importing Assets/Res/Assets/Item/PowerUp6.png using Guid(e6b65348dd0c2764c840376f4fe765c0) Importer(815301076,1909f56bfc062723c751e8b465ee728b)  -> (artifact id: '094905a7835c1c6f31b05018fadc6c31') in 0.022554 seconds 
========================================================================
Received Import Request.
  Time since last request: 0.000040 seconds.
  path: Assets/Res/Assets/Item/Bubble.png
  artifactKey: Guid(7e0e42b92704027459664161a7a629fd) Importer(815301076,1909f56bfc062723c751e8b465ee728b)
Start importing Assets/Res/Assets/Item/Bubble.png using Guid(7e0e42b92704027459664161a7a629fd) Importer(815301076,1909f56bfc062723c751e8b465ee728b)  -> (artifact id: '3569107ebecfc72eb94c0d8d4073d80a') in 0.034085 seconds 
Editor requested this worker to shutdown with reason: Scaling down because of idle timeout
AssetImportWorker is now disconnected from the server
Process exiting
Exiting without the bug reporter. Application will terminate with return code 0